[2024-03-17T12:35:01.045+0000] {taskinstance.py:1979} INFO - Dependencies all met for dep_context=non-requeueable deps ti=<TaskInstance: application_record_processing.read_csv scheduled__2024-03-17T12:30:00+00:00 [queued]>
[2024-03-17T12:35:01.053+0000] {taskinstance.py:1979} INFO - Dependencies all met for dep_context=requeueable deps ti=<TaskInstance: application_record_processing.read_csv scheduled__2024-03-17T12:30:00+00:00 [queued]>
[2024-03-17T12:35:01.054+0000] {taskinstance.py:2193} INFO - Starting attempt 1 of 1
[2024-03-17T12:35:01.066+0000] {taskinstance.py:2217} INFO - Executing <Task(PythonOperator): read_csv> on 2024-03-17 12:30:00+00:00
[2024-03-17T12:35:01.072+0000] {standard_task_runner.py:60} INFO - Started process 362 to run task
[2024-03-17T12:35:01.075+0000] {standard_task_runner.py:87} INFO - Running: ['***', 'tasks', 'run', 'application_record_processing', 'read_csv', 'scheduled__2024-03-17T12:30:00+00:00', '--job-id', '12', '--raw', '--subdir', 'DAGS_FOLDER/etl.py', '--cfg-path', '/tmp/tmpwccscpei']
[2024-03-17T12:35:01.076+0000] {standard_task_runner.py:88} INFO - Job 12: Subtask read_csv
[2024-03-17T12:35:01.128+0000] {task_command.py:423} INFO - Running <TaskInstance: application_record_processing.read_csv scheduled__2024-03-17T12:30:00+00:00 [running]> on host 48b60e62f057
[2024-03-17T12:35:01.255+0000] {taskinstance.py:2513} INFO - Exporting env vars: AIRFLOW_CTX_DAG_OWNER='***' AIRFLOW_CTX_DAG_ID='application_record_processing' AIRFLOW_CTX_TASK_ID='read_csv' AIRFLOW_CTX_EXECUTION_DATE='2024-03-17T12:30:00+00:00' AIRFLOW_CTX_TRY_NUMBER='1' AIRFLOW_CTX_DAG_RUN_ID='scheduled__2024-03-17T12:30:00+00:00'
[2024-03-17T12:35:01.259+0000] {taskinstance.py:2731} ERROR - Task failed with exception
Traceback (most recent call last):
  File "/home/airflow/.local/lib/python3.8/site-packages/airflow/models/taskinstance.py", line 444, in _execute_task
    result = _execute_callable(context=context, **execute_callable_kwargs)
  File "/home/airflow/.local/lib/python3.8/site-packages/airflow/models/taskinstance.py", line 414, in _execute_callable
    return execute_callable(context=context, **execute_callable_kwargs)
  File "/home/airflow/.local/lib/python3.8/site-packages/airflow/operators/python.py", line 200, in execute
    return_value = self.execute_callable()
  File "/home/airflow/.local/lib/python3.8/site-packages/airflow/operators/python.py", line 217, in execute_callable
    return self.python_callable(*self.op_args, **self.op_kwargs)
  File "/opt/airflow/dags/etl.py", line 11, in read_csv
    df = pd.read_csv(csv_file)
  File "/home/airflow/.local/lib/python3.8/site-packages/pandas/io/parsers/readers.py", line 912, in read_csv
    return _read(filepath_or_buffer, kwds)
  File "/home/airflow/.local/lib/python3.8/site-packages/pandas/io/parsers/readers.py", line 577, in _read
    parser = TextFileReader(filepath_or_buffer, **kwds)
  File "/home/airflow/.local/lib/python3.8/site-packages/pandas/io/parsers/readers.py", line 1407, in __init__
    self._engine = self._make_engine(f, self.engine)
  File "/home/airflow/.local/lib/python3.8/site-packages/pandas/io/parsers/readers.py", line 1661, in _make_engine
    self.handles = get_handle(
  File "/home/airflow/.local/lib/python3.8/site-packages/pandas/io/common.py", line 859, in get_handle
    handle = open(
FileNotFoundError: [Errno 2] No such file or directory: '/DE Project/airflow/application_record.csv'
[2024-03-17T12:35:01.285+0000] {taskinstance.py:1149} INFO - Marking task as FAILED. dag_id=application_record_processing, task_id=read_csv, execution_date=20240317T123000, start_date=20240317T123501, end_date=20240317T123501
[2024-03-17T12:35:01.315+0000] {standard_task_runner.py:107} ERROR - Failed to execute job 12 for task read_csv ([Errno 2] No such file or directory: '/DE Project/airflow/application_record.csv'; 362)
[2024-03-17T12:35:01.369+0000] {local_task_job_runner.py:234} INFO - Task exited with return code 1
[2024-03-17T12:35:01.389+0000] {taskinstance.py:3312} INFO - 0 downstream tasks scheduled from follow-on schedule check
