[2024-03-17T13:35:01.709+0000] {taskinstance.py:1979} INFO - Dependencies all met for dep_context=non-requeueable deps ti=<TaskInstance: application_record_processing.read_csv scheduled__2024-03-17T13:30:00+00:00 [queued]>
[2024-03-17T13:35:01.721+0000] {taskinstance.py:1979} INFO - Dependencies all met for dep_context=requeueable deps ti=<TaskInstance: application_record_processing.read_csv scheduled__2024-03-17T13:30:00+00:00 [queued]>
[2024-03-17T13:35:01.722+0000] {taskinstance.py:2193} INFO - Starting attempt 1 of 2
[2024-03-17T13:35:01.738+0000] {taskinstance.py:2217} INFO - Executing <Task(PythonOperator): read_csv> on 2024-03-17 13:30:00+00:00
[2024-03-17T13:35:01.744+0000] {standard_task_runner.py:60} INFO - Started process 312 to run task
[2024-03-17T13:35:01.748+0000] {standard_task_runner.py:87} INFO - Running: ['***', 'tasks', 'run', 'application_record_processing', 'read_csv', 'scheduled__2024-03-17T13:30:00+00:00', '--job-id', '55', '--raw', '--subdir', 'DAGS_FOLDER/etl.py', '--cfg-path', '/tmp/tmprk_49z75']
[2024-03-17T13:35:01.749+0000] {standard_task_runner.py:88} INFO - Job 55: Subtask read_csv
[2024-03-17T13:35:01.803+0000] {task_command.py:423} INFO - Running <TaskInstance: application_record_processing.read_csv scheduled__2024-03-17T13:30:00+00:00 [running]> on host cc537db63590
[2024-03-17T13:35:01.907+0000] {taskinstance.py:2513} INFO - Exporting env vars: AIRFLOW_CTX_DAG_OWNER='***' AIRFLOW_CTX_DAG_ID='application_record_processing' AIRFLOW_CTX_TASK_ID='read_csv' AIRFLOW_CTX_EXECUTION_DATE='2024-03-17T13:30:00+00:00' AIRFLOW_CTX_TRY_NUMBER='1' AIRFLOW_CTX_DAG_RUN_ID='scheduled__2024-03-17T13:30:00+00:00'
[2024-03-17T13:35:02.956+0000] {python.py:202} INFO - Done. Returned value was:              ID CODE_GENDER  ... OCCUPATION_TYPE CNT_FAM_MEMBERS
0       5008804           M  ...             NaN             2.0
1       5008805           M  ...             NaN             2.0
2       5008806           M  ...  Security staff             2.0
3       5008808           F  ...     Sales staff             1.0
4       5008809           F  ...     Sales staff             1.0
...         ...         ...  ...             ...             ...
438552  6840104           M  ...             NaN             1.0
438553  6840222           F  ...        Laborers             1.0
438554  6841878           F  ...     Sales staff             1.0
438555  6842765           F  ...             NaN             2.0
438556  6842885           F  ...     Sales staff             2.0

[438557 rows x 18 columns]
[2024-03-17T13:35:04.028+0000] {taskinstance.py:1149} INFO - Marking task as SUCCESS. dag_id=application_record_processing, task_id=read_csv, execution_date=20240317T133000, start_date=20240317T133501, end_date=20240317T133504
[2024-03-17T13:35:04.089+0000] {local_task_job_runner.py:234} INFO - Task exited with return code 0
[2024-03-17T13:35:04.118+0000] {taskinstance.py:3312} INFO - 1 downstream tasks scheduled from follow-on schedule check
